{
  "stats": {
    "suites": 1,
    "tests": 1,
    "passes": 1,
    "pending": 0,
    "failures": 0,
    "start": "2018-02-11T06:38:43.377Z",
    "end": "2018-02-11T06:38:43.433Z",
    "duration": 56,
    "testsRegistered": 1,
    "passPercent": 100,
    "pendingPercent": 0,
    "other": 0,
    "hasOther": false,
    "skipped": 0,
    "hasSkipped": false,
    "passPercentClass": "success",
    "pendingPercentClass": "danger"
  },
  "suites": {
    "uuid": "cecea369-aafa-4d12-bf4c-80608cfcc302",
    "title": "",
    "fullFile": "",
    "file": "",
    "beforeHooks": [],
    "afterHooks": [],
    "tests": [],
    "suites": [
      {
        "uuid": "3d7fe89b-374c-4a48-ac05-8274c5a2d9b3",
        "title": "加法函数的测试",
        "fullFile": "/Users/mac/Documents/Project/TGPRO/FLWAPP/test/common/scripts/example.test.js",
        "file": "/test/common/scripts/example.test.js",
        "beforeHooks": [],
        "afterHooks": [],
        "tests": [
          {
            "title": "1 加 1 应该等于 2",
            "fullTitle": "加法函数的测试 1 加 1 应该等于 2",
            "timedOut": false,
            "duration": 1,
            "state": "passed",
            "speed": "fast",
            "pass": true,
            "fail": false,
            "pending": false,
            "code": "_chai2.default.expect((0, _example.add)(1, 1)).to.be.equal(2);",
            "err": {},
            "isRoot": false,
            "uuid": "4b7bf2ec-3021-4a72-8e35-3849a33936fe",
            "isHook": false,
            "skipped": false
          }
        ],
        "suites": [],
        "passes": [
          "4b7bf2ec-3021-4a72-8e35-3849a33936fe"
        ],
        "failures": [],
        "pending": [],
        "skipped": [],
        "duration": 1,
        "root": false,
        "rootEmpty": false,
        "_timeout": 2000
      }
    ],
    "passes": [],
    "failures": [],
    "pending": [],
    "skipped": [],
    "duration": 0,
    "root": true,
    "rootEmpty": true,
    "_timeout": 2000
  },
  "copyrightYear": 2018
}